<?xml version="1.0" encoding="UTF-8"?>
<testsuite xmlns:xsi="http://www.w3.org/2001/XMLSchema-instance" xsi:noNamespaceSchemaLocation="https://maven.apache.org/surefire/maven-surefire-plugin/xsd/surefire-test-report-3.0.xsd" version="3.0" name="com.jamesstorr.jokes_service.runners.CucumberTestSuite" time="0.267" tests="2" errors="2" skipped="0" failures="0">
  <properties>
[...]
</properties>
  <testcase name="Retrieve a joke without specifying a provider" classname="Jokes Service" time="0.035">
    <error message="Cannot invoke &quot;com.github.tomakehurst.wiremock.WireMockServer.stubFor(com.github.tomakehurst.wiremock.client.MappingBuilder)&quot; because &quot;this.wireMockServer&quot; is null" type="java.lang.NullPointerException"><![CDATA[java.lang.NullPointerException: Cannot invoke "com.github.tomakehurst.wiremock.WireMockServer.stubFor(com.github.tomakehurst.wiremock.client.MappingBuilder)" because "this.wireMockServer" is null
	at com.jamesstorr.jokes_service.steps.JokeStepDefinitions.setup(JokeStepDefinitions.java:42)
]]></error>
    <system-out><![CDATA[2024-09-23T08:11:44.218+01:00  INFO 63624 --- [jokes-service] [           main]                                          : Test Suite Started: Jokes Service

Scenario: Retrieve a joke without specifying a provider  &amp#27;[90m# features/jokeService.feature:3&amp#27;[0m
      &amp#27;[31mjava.lang.NullPointerException: Cannot invoke "com.github.tomakehurst.wiremock.WireMockServer.stubFor(com.github.tomakehurst.wiremock.client.MappingBuilder)" because "this.wireMockServer" is null
	at com.jamesstorr.jokes_service.steps.JokeStepDefinitions.setup(JokeStepDefinitions.java:42)
&amp#27;[0m
  &amp#27;[36mGiven &amp#27;[0m&amp#27;[36mI do not specify a joke provider&amp#27;[0m                 &amp#27;[90m# com.jamesstorr.jokes_service.steps.JokeStepDefinitions.stepIDoNotSpecifyAJokeProvider()&amp#27;[0m
  &amp#27;[36mWhen &amp#27;[0m&amp#27;[36mI request a joke&amp#27;[0m                                  &amp#27;[90m# com.jamesstorr.jokes_service.steps.JokeStepDefinitions.stepIRequestAJoke()&amp#27;[0m
  &amp#27;[36mThen &amp#27;[0m&amp#27;[36mI should receive a joke from the default provider&amp#27;[0m &amp#27;[90m# com.jamesstorr.jokes_service.steps.JokeStepDefinitions.stepIShouldReceiveAJokeFromTheDefaultProvider()&amp#27;[0m
]]></system-out>
  </testcase>
  <testcase name="Retrieve a joke from a specific provider" classname="Jokes Service" time="0.005">
    <error message="Cannot invoke &quot;com.github.tomakehurst.wiremock.WireMockServer.stubFor(com.github.tomakehurst.wiremock.client.MappingBuilder)&quot; because &quot;this.wireMockServer&quot; is null" type="java.lang.NullPointerException"><![CDATA[java.lang.NullPointerException: Cannot invoke "com.github.tomakehurst.wiremock.WireMockServer.stubFor(com.github.tomakehurst.wiremock.client.MappingBuilder)" because "this.wireMockServer" is null
	at com.jamesstorr.jokes_service.steps.JokeStepDefinitions.setup(JokeStepDefinitions.java:42)
]]></error>
    <system-out><![CDATA[
Scenario: Retrieve a joke from a specific provider &amp#27;[90m# features/jokeService.feature:8&amp#27;[0m
      &amp#27;[31mjava.lang.NullPointerException: Cannot invoke "com.github.tomakehurst.wiremock.WireMockServer.stubFor(com.github.tomakehurst.wiremock.client.MappingBuilder)" because "this.wireMockServer" is null
	at com.jamesstorr.jokes_service.steps.JokeStepDefinitions.setup(JokeStepDefinitions.java:42)
&amp#27;[0m
  &amp#27;[36mGiven &amp#27;[0m&amp#27;[36mI specify the joke provider &amp#27;[0m&amp#27;[36m&amp#27;[1m"jokeAPI"&amp#27;[0m      &amp#27;[90m# com.jamesstorr.jokes_service.steps.JokeStepDefinitions.stepISpecifyTheJokeProvider(java.lang.String)&amp#27;[0m
  &amp#27;[36mWhen &amp#27;[0m&amp#27;[36mI request a joke&amp#27;[0m                            &amp#27;[90m# com.jamesstorr.jokes_service.steps.JokeStepDefinitions.stepIRequestAJoke()&amp#27;[0m
  &amp#27;[36mThen &amp#27;[0m&amp#27;[36mI should receive a joke from &amp#27;[0m&amp#27;[36m&amp#27;[1m"jokeAPI"&amp#27;[0m      &amp#27;[90m# com.jamesstorr.jokes_service.steps.JokeStepDefinitions.stepIShouldReceiveAJokeFrom(java.lang.String)&amp#27;[0m
]]></system-out>
  </testcase>
</testsuite>